#
# There is insufficient memory for the Java Runtime Environment to continue.
# Native memory allocation (malloc) failed to allocate 208256 bytes. Error detail: Chunk::new
# Possible reasons:
#   The system is out of physical RAM or swap space
#   This process is running with CompressedOops enabled, and the Java Heap may be blocking the growth of the native heap
# Possible solutions:
#   Reduce memory load on the system
#   Increase physical memory or swap space
#   Check if swap backing store is full
#   Decrease Java heap size (-Xmx/-Xms)
#   Decrease number of Java threads
#   Decrease Java thread stack sizes (-Xss)
#   Set larger code cache with -XX:ReservedCodeCacheSize=
#   JVM is running with Unscaled Compressed Oops mode in which the Java heap is
#     placed in the first 4GB address space. The Java Heap base address is the
#     maximum limit for the native heap growth. Please use -XX:HeapBaseMinAddress
#     to set the Java Heap base and to place the Java Heap above 4GB virtual address.
# This output file may be truncated or incomplete.
#
#  Out of Memory Error (arena.cpp:168), pid=25500, tid=23040
#
# JRE version: OpenJDK Runtime Environment Temurin-21.0.9+10 (21.0.9+10) (build 21.0.9+10-LTS)
# Java VM: OpenJDK 64-Bit Server VM Temurin-21.0.9+10 (21.0.9+10-LTS, mixed mode, sharing, tiered, compressed oops, compressed class ptrs, parallel gc, windows-amd64)
# No core dump will be written. Minidumps are not enabled by default on client versions of Windows
#

---------------  S U M M A R Y ------------

Command Line: --add-modules=ALL-SYSTEM --add-opens=java.base/java.util=ALL-UNNAMED --add-opens=java.base/java.lang=ALL-UNNAMED --add-opens=java.base/sun.nio.fs=ALL-UNNAMED -Declipse.application=org.eclipse.jdt.ls.core.id1 -Dosgi.bundles.defaultStartLevel=4 -Declipse.product=org.eclipse.jdt.ls.core.product -Djava.import.generatesMetadataFilesAtProjectRoot=false -DDetectVMInstallationsJob.disabled=true -Dfile.encoding=utf8 -XX:+UseParallelGC -XX:GCTimeRatio=4 -XX:AdaptiveSizePolicyWeight=90 -Dsun.zip.disableMemoryMapping=true -Xmx2G -Xms100m -Xlog:disable -javaagent:c:\Users\devan\.vscode\extensions\redhat.java-1.52.0-win32-x64\lombok\lombok-1.18.39-4050.jar c:\Users\devan\.vscode\extensions\redhat.java-1.52.0-win32-x64\server\plugins\org.eclipse.equinox.launcher_1.7.100.v20251111-0406.jar -configuration c:\Users\devan\AppData\Roaming\Code\User\globalStorage\redhat.java\1.52.0\config_ss_win -data c:\Users\devan\AppData\Roaming\Code\User\workspaceStorage\c70202c21d715c39d20e795d2f14db8a\redhat.java\ss_ws --pipe=\\.\pipe\lsp-7c835218d7ca08b74df39f3f2fce277a-sock

Host: AMD Ryzen 5 5600H with Radeon Graphics         , 12 cores, 7G,  Windows 11 , 64 bit Build 26100 (10.0.26100.7623)
Time: Sun Feb  1 03:54:40 2026 India Standard Time elapsed time: 8.319148 seconds (0d 0h 0m 8s)

---------------  T H R E A D  ---------------

Current thread (0x00000225e80ac360):  JavaThread "C2 CompilerThread1" daemon [_thread_in_native, id=23040, stack(0x000000f7a2000000,0x000000f7a2100000) (1024K)]


Current CompileTask:
C2:8319 2198       4       java.util.Properties::loadConvert (540 bytes)

Stack: [0x000000f7a2000000,0x000000f7a2100000]
Native frames: (J=compiled Java code, j=interpreted, Vv=VM code, C=native code)
V  [jvm.dll+0x6d6e29]
V  [jvm.dll+0x8b4b76]
V  [jvm.dll+0x8b712e]
V  [jvm.dll+0x8b7813]
V  [jvm.dll+0x283d86]
V  [jvm.dll+0xc66ed]
V  [jvm.dll+0xc6c31]
V  [jvm.dll+0x2facee]
V  [jvm.dll+0x5fde44]
V  [jvm.dll+0x255557]
V  [jvm.dll+0x25591d]
V  [jvm.dll+0x24df40]
V  [jvm.dll+0x24b482]
V  [jvm.dll+0x1cb13e]
V  [jvm.dll+0x25b29d]
V  [jvm.dll+0x25982a]
V  [jvm.dll+0x3f7ea6]
V  [jvm.dll+0x85e9ad]
V  [jvm.dll+0x6d565d]
C  [ucrtbase.dll+0x37b0]
C  [KERNEL32.DLL+0x2e8d7]
C  [ntdll.dll+0x8c53c]


---------------  P R O C E S S  ---------------

Threads class SMR info:
_java_thread_list=0x00000225e6b9c550, length=17, elements={
0x00000225d00f3a80, 0x00000225d01933d0, 0x00000225e6b9da30, 0x00000225d0196950,
0x00000225d019a640, 0x00000225d019d0a0, 0x00000225d01a7b20, 0x00000225d01a90f0,
0x00000225d01aa7c0, 0x00000225e80ac360, 0x00000225e80ffee0, 0x00000225e8101920,
0x00000225e8100570, 0x00000225e8100c00, 0x00000225e8101290, 0x00000225e8102cd0,
0x00000225e8101fb0
}

Java Threads: ( => current thread )
  0x00000225d00f3a80 JavaThread "main"                              [_thread_blocked, id=22132, stack(0x000000f7a1400000,0x000000f7a1500000) (1024K)]
  0x00000225d01933d0 JavaThread "Reference Handler"          daemon [_thread_blocked, id=27836, stack(0x000000f7a1800000,0x000000f7a1900000) (1024K)]
  0x00000225e6b9da30 JavaThread "Finalizer"                  daemon [_thread_blocked, id=15152, stack(0x000000f7a1900000,0x000000f7a1a00000) (1024K)]
  0x00000225d0196950 JavaThread "Signal Dispatcher"          daemon [_thread_blocked, id=21868, stack(0x000000f7a1a00000,0x000000f7a1b00000) (1024K)]
  0x00000225d019a640 JavaThread "Attach Listener"            daemon [_thread_blocked, id=27100, stack(0x000000f7a1b00000,0x000000f7a1c00000) (1024K)]
  0x00000225d019d0a0 JavaThread "Service Thread"             daemon [_thread_blocked, id=22820, stack(0x000000f7a1c00000,0x000000f7a1d00000) (1024K)]
  0x00000225d01a7b20 JavaThread "Monitor Deflation Thread"   daemon [_thread_blocked, id=22236, stack(0x000000f7a1d00000,0x000000f7a1e00000) (1024K)]
  0x00000225d01a90f0 JavaThread "C2 CompilerThread0"         daemon [_thread_in_native, id=25096, stack(0x000000f7a1e00000,0x000000f7a1f00000) (1024K)]
  0x00000225d01aa7c0 JavaThread "C1 CompilerThread0"         daemon [_thread_blocked, id=9088, stack(0x000000f7a1f00000,0x000000f7a2000000) (1024K)]
=>0x00000225e80ac360 JavaThread "C2 CompilerThread1"         daemon [_thread_in_native, id=23040, stack(0x000000f7a2000000,0x000000f7a2100000) (1024K)]
  0x00000225e80ffee0 JavaThread "Common-Cleaner"             daemon [_thread_blocked, id=22396, stack(0x000000f7a2100000,0x000000f7a2200000) (1024K)]
  0x00000225e8101920 JavaThread "Notification Thread"        daemon [_thread_blocked, id=4672, stack(0x000000f7a2200000,0x000000f7a2300000) (1024K)]
  0x00000225e8100570 JavaThread "Active Thread: Equinox Container: d55136b7-7313-4917-9737-3fe348a5ac17"        [_thread_blocked, id=17368, stack(0x000000f7a2a00000,0x000000f7a2b00000) (1024K)]
  0x00000225e8100c00 JavaThread "Framework Event Dispatcher: Equinox Container: d55136b7-7313-4917-9737-3fe348a5ac17" daemon [_thread_blocked, id=23504, stack(0x000000f7a2b00000,0x000000f7a2c00000) (1024K)]
  0x00000225e8101290 JavaThread "Start Level: Equinox Container: d55136b7-7313-4917-9737-3fe348a5ac17" daemon [_thread_in_native, id=18428, stack(0x000000f7a2c00000,0x000000f7a2d00000) (1024K)]
  0x00000225e8102cd0 JavaThread "SCR Component Actor"        daemon [_thread_blocked, id=11568, stack(0x000000f7a2e00000,0x000000f7a2f00000) (1024K)]
  0x00000225e8101fb0 JavaThread "Worker-JM"                         [_thread_blocked, id=29292, stack(0x000000f7a2f00000,0x000000f7a3000000) (1024K)]
Total: 17

Other Threads:
  0x00000225d018e760 VMThread "VM Thread"                           [id=24232, stack(0x000000f7a1700000,0x000000f7a1800000) (1024K)]
  0x00000225e6a7c8d0 WatcherThread "VM Periodic Task Thread"        [id=14416, stack(0x000000f7a1600000,0x000000f7a1700000) (1024K)]
  0x00000225d0112250 WorkerThread "GC Thread#0"                     [id=21960, stack(0x000000f7a1500000,0x000000f7a1600000) (1024K)]
  0x00000225ed017650 WorkerThread "GC Thread#1"                     [id=24784, stack(0x000000f7a2400000,0x000000f7a2500000) (1024K)]
  0x00000225ed096d80 WorkerThread "GC Thread#2"                     [id=12388, stack(0x000000f7a2500000,0x000000f7a2600000) (1024K)]
  0x00000225ed016080 WorkerThread "GC Thread#3"                     [id=21272, stack(0x000000f7a2600000,0x000000f7a2700000) (1024K)]
  0x00000225ed016420 WorkerThread "GC Thread#4"                     [id=26316, stack(0x000000f7a2700000,0x000000f7a2800000) (1024K)]
  0x00000225ed0167c0 WorkerThread "GC Thread#5"                     [id=11608, stack(0x000000f7a2800000,0x000000f7a2900000) (1024K)]
  0x00000225ed016b60 WorkerThread "GC Thread#6"                     [id=21976, stack(0x000000f7a2900000,0x000000f7a2a00000) (1024K)]
  0x00000225ed7e7240 WorkerThread "GC Thread#7"                     [id=3764, stack(0x000000f7a2d00000,0x000000f7a2e00000) (1024K)]
Total: 10

Threads with active compile tasks:
C2 CompilerThread0  8353 2205       4       jdk.internal.util.StrongReferenceKey::hashCode (8 bytes)
C2 CompilerThread1  8353 2198       4       java.util.Properties::loadConvert (540 bytes)
Total: 2

VM state: not at safepoint (normal execution)

VM Mutex/Monitor currently owned by a thread: None

Heap address: 0x0000000080000000, size: 2048 MB, Compressed Oops mode: 32-bit

CDS archive(s) mapped at: [0x0000022580000000-0x0000022580ba0000-0x0000022580ba0000), size 12189696, SharedBaseAddress: 0x0000022580000000, ArchiveRelocationMode: 1.
Compressed class space mapped at: 0x0000022581000000-0x00000225c1000000, reserved size: 1073741824
Narrow klass base: 0x0000022580000000, Narrow klass shift: 0, Narrow klass range: 0x100000000

GC Precious Log:
 CardTable entry size: 512
 CPUs: 12 total, 12 available
 Memory: 7518M
 Large Page Support: Disabled
 NUMA Support: Disabled
 Compressed Oops: Enabled (32-bit)
 Alignments: Space 512K, Generation 512K, Heap 2M
 Heap Min Capacity: 100M
 Heap Initial Capacity: 100M
 Heap Max Capacity: 2G
 Pre-touch: Disabled
 Parallel Workers: 10

Heap:
 PSYoungGen      total 29696K, used 28732K [0x00000000d5580000, 0x00000000d7680000, 0x0000000100000000)
  eden space 25600K, 96% used [0x00000000d5580000,0x00000000d6d90318,0x00000000d6e80000)
  from space 4096K, 99% used [0x00000000d7280000,0x00000000d767efe8,0x00000000d7680000)
  to   space 4096K, 0% used [0x00000000d6e80000,0x00000000d6e80000,0x00000000d7280000)
 ParOldGen       total 68608K, used 1100K [0x0000000080000000, 0x0000000084300000, 0x00000000d5580000)
  object space 68608K, 1% used [0x0000000080000000,0x0000000080113178,0x0000000084300000)
 Metaspace       used 12821K, committed 13312K, reserved 1114112K
  class space    used 1359K, committed 1600K, reserved 1048576K

Card table byte_map: [0x00000225cfa90000,0x00000225cfea0000] _byte_map_base: 0x00000225cf690000

Marking Bits: (ParMarkBitMap*) 0x00007ff8fa5a2460
 Begin Bits: [0x00000225e25a0000, 0x00000225e45a0000)
 End Bits:   [0x00000225e45a0000, 0x00000225e65a0000)

Polling page: 0x00000225ce1a0000

Metaspace:

Usage:
  Non-class:     11.19 MB used.
      Class:      1.33 MB used.
       Both:     12.52 MB used.

Virtual space:
  Non-class space:       64.00 MB reserved,      11.44 MB ( 18%) committed,  1 nodes.
      Class space:        1.00 GB reserved,       1.56 MB ( <1%) committed,  1 nodes.
             Both:        1.06 GB reserved,      13.00 MB (  1%) committed. 

Chunk freelists:
   Non-Class:  4.33 MB
       Class:  14.47 MB
        Both:  18.80 MB

MaxMetaspaceSize: unlimited
CompressedClassSpaceSize: 1.00 GB
Initial GC threshold: 21.00 MB
Current GC threshold: 21.00 MB
CDS: on
 - commit_granule_bytes: 65536.
 - commit_granule_words: 8192.
 - virtual_space_node_default_size: 8388608.
 - enlarge_chunks_in_place: 1.
 - use_allocation_guard: 0.


Internal statistics:

num_allocs_failed_limit: 0.
num_arena_births: 324.
num_arena_deaths: 0.
num_vsnodes_births: 2.
num_vsnodes_deaths: 0.
num_space_committed: 208.
num_space_uncommitted: 0.
num_chunks_returned_to_freelist: 0.
num_chunks_taken_from_freelist: 755.
num_chunk_merges: 0.
num_chunk_splits: 479.
num_chunks_enlarged: 308.
num_inconsistent_stats: 0.

CodeHeap 'non-profiled nmethods': size=120000Kb used=938Kb max_used=938Kb free=119061Kb
 bounds [0x00000225dadc0000, 0x00000225db030000, 0x00000225e22f0000]
CodeHeap 'profiled nmethods': size=120000Kb used=4221Kb max_used=4221Kb free=115779Kb
 bounds [0x00000225d32f0000, 0x00000225d3710000, 0x00000225da820000]
CodeHeap 'non-nmethods': size=5760Kb used=1248Kb max_used=1267Kb free=4511Kb
 bounds [0x00000225da820000, 0x00000225daa90000, 0x00000225dadc0000]
CodeCache: size=245760Kb, used=6407Kb, max_used=6426Kb, free=239351Kb
 total_blobs=2762, nmethods=2245, adapters=423, full_count=0
Compilation: enabled, stopped_count=0, restarted_count=0

Compilation events (20 events):
Event: 5.286 Thread 0x00000225d01aa7c0 nmethod 2207 0x00000225d36f4310 code [0x00000225d36f44a0, 0x00000225d36f45e8]
Event: 5.286 Thread 0x00000225d01aa7c0 2208       3       java.lang.invoke.DirectMethodHandle::preparedFieldLambdaForm (48 bytes)
Event: 5.286 Thread 0x00000225d01aa7c0 nmethod 2208 0x00000225d36f4690 code [0x00000225d36f4880, 0x00000225d36f4c90]
Event: 5.286 Thread 0x00000225d01aa7c0 2199       3       java.util.concurrent.ConcurrentHashMap$EntryIterator::next (5 bytes)
Event: 5.287 Thread 0x00000225d01aa7c0 nmethod 2199 0x00000225d36f4e10 code [0x00000225d36f4fc0, 0x00000225d36f50f8]
Event: 5.287 Thread 0x00000225d01aa7c0 2200       3       java.util.concurrent.ConcurrentHashMap$EntryIterator::next (51 bytes)
Event: 5.287 Thread 0x00000225d01aa7c0 nmethod 2200 0x00000225d36f5190 code [0x00000225d36f5360, 0x00000225d36f5760]
Event: 5.287 Thread 0x00000225d01aa7c0 2201       3       java.util.concurrent.ConcurrentHashMap$MapEntry::<init> (20 bytes)
Event: 5.287 Thread 0x00000225d01aa7c0 nmethod 2201 0x00000225d36f5910 code [0x00000225d36f5ac0, 0x00000225d36f5c68]
Event: 5.287 Thread 0x00000225d01aa7c0 2210       3       java.lang.invoke.DelegatingMethodHandle::makeReinvokerForm (10 bytes)
Event: 5.287 Thread 0x00000225d01aa7c0 nmethod 2210 0x00000225d36f5d10 code [0x00000225d36f5ec0, 0x00000225d36f5fe8]
Event: 5.287 Thread 0x00000225d01aa7c0 2209       1       java.lang.reflect.Field::getRoot (5 bytes)
Event: 5.287 Thread 0x00000225d01aa7c0 nmethod 2209 0x00000225daea7490 code [0x00000225daea7620, 0x00000225daea76e8]
Event: 5.287 Thread 0x00000225d01aa7c0 2195       3       java.util.concurrent.ConcurrentHashMap$Traverser::<init> (36 bytes)
Event: 5.287 Thread 0x00000225d01aa7c0 nmethod 2195 0x00000225d36f6090 code [0x00000225d36f6240, 0x00000225d36f63e8]
Event: 5.287 Thread 0x00000225d01aa7c0 2211       3       java.lang.invoke.MethodType::methodType (44 bytes)
Event: 5.287 Thread 0x00000225d01aa7c0 nmethod 2211 0x00000225d36f6490 code [0x00000225d36f6680, 0x00000225d36f6af0]
Event: 5.287 Thread 0x00000225d01aa7c0 2214       3       java.lang.invoke.DirectMethodHandle::ftypeKind (38 bytes)
Event: 5.288 Thread 0x00000225d01aa7c0 nmethod 2214 0x00000225d36f6c10 code [0x00000225d36f6e00, 0x00000225d36f70d8]
Event: 5.288 Thread 0x00000225d01aa7c0 2219       3       java.lang.invoke.MethodHandleImpl::makePairwiseConvertByEditor (617 bytes)

GC Heap History (4 events):
Event: 1.093 GC heap before
{Heap before GC invocations=1 (full 0):
 PSYoungGen      total 29696K, used 25600K [0x00000000d5580000, 0x00000000d7680000, 0x0000000100000000)
  eden space 25600K, 100% used [0x00000000d5580000,0x00000000d6e80000,0x00000000d6e80000)
  from space 4096K, 0% used [0x00000000d7280000,0x00000000d7280000,0x00000000d7680000)
  to   space 4096K, 0% used [0x00000000d6e80000,0x00000000d6e80000,0x00000000d7280000)
 ParOldGen       total 68608K, used 0K [0x0000000080000000, 0x0000000084300000, 0x00000000d5580000)
  object space 68608K, 0% used [0x0000000080000000,0x0000000080000000,0x0000000084300000)
 Metaspace       used 4332K, committed 4608K, reserved 1114112K
  class space    used 472K, committed 576K, reserved 1048576K
}
Event: 1.104 GC heap after
{Heap after GC invocations=1 (full 0):
 PSYoungGen      total 29696K, used 3287K [0x00000000d5580000, 0x00000000d7680000, 0x0000000100000000)
  eden space 25600K, 0% used [0x00000000d5580000,0x00000000d5580000,0x00000000d6e80000)
  from space 4096K, 80% used [0x00000000d6e80000,0x00000000d71b5ea8,0x00000000d7280000)
  to   space 4096K, 0% used [0x00000000d7280000,0x00000000d7280000,0x00000000d7680000)
 ParOldGen       total 68608K, used 16K [0x0000000080000000, 0x0000000084300000, 0x00000000d5580000)
  object space 68608K, 0% used [0x0000000080000000,0x0000000080004000,0x0000000084300000)
 Metaspace       used 4332K, committed 4608K, reserved 1114112K
  class space    used 472K, committed 576K, reserved 1048576K
}
Event: 2.857 GC heap before
{Heap before GC invocations=2 (full 0):
 PSYoungGen      total 29696K, used 28887K [0x00000000d5580000, 0x00000000d7680000, 0x0000000100000000)
  eden space 25600K, 100% used [0x00000000d5580000,0x00000000d6e80000,0x00000000d6e80000)
  from space 4096K, 80% used [0x00000000d6e80000,0x00000000d71b5ea8,0x00000000d7280000)
  to   space 4096K, 0% used [0x00000000d7280000,0x00000000d7280000,0x00000000d7680000)
 ParOldGen       total 68608K, used 16K [0x0000000080000000, 0x0000000084300000, 0x00000000d5580000)
  object space 68608K, 0% used [0x0000000080000000,0x0000000080004000,0x0000000084300000)
 Metaspace       used 8174K, committed 8448K, reserved 1114112K
  class space    used 870K, committed 1024K, reserved 1048576K
}
Event: 2.863 GC heap after
{Heap after GC invocations=2 (full 0):
 PSYoungGen      total 29696K, used 4091K [0x00000000d5580000, 0x00000000d7680000, 0x0000000100000000)
  eden space 25600K, 0% used [0x00000000d5580000,0x00000000d5580000,0x00000000d6e80000)
  from space 4096K, 99% used [0x00000000d7280000,0x00000000d767efe8,0x00000000d7680000)
  to   space 4096K, 0% used [0x00000000d6e80000,0x00000000d6e80000,0x00000000d7280000)
 ParOldGen       total 68608K, used 1100K [0x0000000080000000, 0x0000000084300000, 0x00000000d5580000)
  object space 68608K, 1% used [0x0000000080000000,0x0000000080113178,0x0000000084300000)
 Metaspace       used 8174K, committed 8448K, reserved 1114112K
  class space    used 870K, committed 1024K, reserved 1048576K
}

Dll operation events (9 events):
Event: 0.022 Loaded shared library c:\Users\devan\.vscode\extensions\redhat.java-1.52.0-win32-x64\jre\21.0.9-win32-x86_64\bin\java.dll
Event: 0.143 Loaded shared library c:\Users\devan\.vscode\extensions\redhat.java-1.52.0-win32-x64\jre\21.0.9-win32-x86_64\bin\zip.dll
Event: 0.175 Loaded shared library C:\Users\devan\.vscode\extensions\redhat.java-1.52.0-win32-x64\jre\21.0.9-win32-x86_64\bin\instrument.dll
Event: 0.186 Loaded shared library C:\Users\devan\.vscode\extensions\redhat.java-1.52.0-win32-x64\jre\21.0.9-win32-x86_64\bin\net.dll
Event: 0.195 Loaded shared library C:\Users\devan\.vscode\extensions\redhat.java-1.52.0-win32-x64\jre\21.0.9-win32-x86_64\bin\nio.dll
Event: 0.199 Loaded shared library C:\Users\devan\.vscode\extensions\redhat.java-1.52.0-win32-x64\jre\21.0.9-win32-x86_64\bin\zip.dll
Event: 0.224 Loaded shared library C:\Users\devan\.vscode\extensions\redhat.java-1.52.0-win32-x64\jre\21.0.9-win32-x86_64\bin\jimage.dll
Event: 0.345 Loaded shared library c:\Users\devan\.vscode\extensions\redhat.java-1.52.0-win32-x64\jre\21.0.9-win32-x86_64\bin\verify.dll
Event: 2.838 Loaded shared library C:\Users\devan\AppData\Roaming\Code\User\globalStorage\redhat.java\1.52.0\config_ss_win\org.eclipse.equinox.launcher\org.eclipse.equinox.launcher.win32.win32.x86_64_1.2.1500.v20260121-1430\eclipse_11919.dll

Deoptimization events (20 events):
Event: 3.081 Thread 0x00000225e8101290 Uncommon trap: trap_request=0xffffffc6 fr.pc=0x00000225dae92ea8 relative=0x0000000000001328
Event: 3.081 Thread 0x00000225e8101290 Uncommon trap: reason=bimorphic_or_optimized_type_check action=maybe_recompile pc=0x00000225dae92ea8 method=java.io.DataInputStream.readFully([BII)V @ 30 c2
Event: 3.081 Thread 0x00000225e8101290 DEOPT PACKING pc=0x00000225dae92ea8 sp=0x000000f7a2cfb7b0
Event: 3.081 Thread 0x00000225e8101290 DEOPT UNPACKING pc=0x00000225da873aa2 sp=0x000000f7a2cfb7a8 mode 2
Event: 4.171 Thread 0x00000225e8101290 Uncommon trap: trap_request=0xffffff45 fr.pc=0x00000225dae272a4 relative=0x0000000000001a64
Event: 4.171 Thread 0x00000225e8101290 Uncommon trap: reason=unstable_if action=reinterpret pc=0x00000225dae272a4 method=java.util.jar.Manifest$FastInputStream.readLine([BII)I @ 106 c2
Event: 4.171 Thread 0x00000225e8101290 DEOPT PACKING pc=0x00000225dae272a4 sp=0x000000f7a2cfdfc0
Event: 4.171 Thread 0x00000225e8101290 DEOPT UNPACKING pc=0x00000225da873aa2 sp=0x000000f7a2cfdea0 mode 2
Event: 4.171 Thread 0x00000225e8101290 Uncommon trap: trap_request=0xffffff45 fr.pc=0x00000225dae2ea48 relative=0x0000000000000468
Event: 4.171 Thread 0x00000225e8101290 Uncommon trap: reason=unstable_if action=reinterpret pc=0x00000225dae2ea48 method=java.util.jar.Manifest$FastInputStream.readLine([BII)I @ 106 c2
Event: 4.171 Thread 0x00000225e8101290 DEOPT PACKING pc=0x00000225dae2ea48 sp=0x000000f7a2cfdf60
Event: 4.171 Thread 0x00000225e8101290 DEOPT UNPACKING pc=0x00000225da873aa2 sp=0x000000f7a2cfde98 mode 2
Event: 4.171 Thread 0x00000225e8101290 Uncommon trap: trap_request=0xffffff45 fr.pc=0x00000225dae19bdc relative=0x000000000000047c
Event: 4.171 Thread 0x00000225e8101290 Uncommon trap: reason=unstable_if action=reinterpret pc=0x00000225dae19bdc method=java.util.jar.Manifest$FastInputStream.readLine([BII)I @ 106 c2
Event: 4.171 Thread 0x00000225e8101290 DEOPT PACKING pc=0x00000225dae19bdc sp=0x000000f7a2cfdef0
Event: 4.171 Thread 0x00000225e8101290 DEOPT UNPACKING pc=0x00000225da873aa2 sp=0x000000f7a2cfdea0 mode 2
Event: 4.171 Thread 0x00000225e8101290 Uncommon trap: trap_request=0xffffff45 fr.pc=0x00000225dae2c858 relative=0x00000000000000b8
Event: 4.171 Thread 0x00000225e8101290 Uncommon trap: reason=unstable_if action=reinterpret pc=0x00000225dae2c858 method=java.util.jar.Manifest$FastInputStream.peek()B @ 23 c2
Event: 4.171 Thread 0x00000225e8101290 DEOPT PACKING pc=0x00000225dae2c858 sp=0x000000f7a2cfdfc0
Event: 4.171 Thread 0x00000225e8101290 DEOPT UNPACKING pc=0x00000225da873aa2 sp=0x000000f7a2cfdf58 mode 2

Classes loaded (20 events):
Event: 4.193 Loading class java/time/zone/TzdbZoneRulesProvider
Event: 4.193 Loading class java/time/zone/TzdbZoneRulesProvider done
Event: 4.195 Loading class java/time/zone/Ser
Event: 4.195 Loading class java/io/Externalizable
Event: 4.195 Loading class java/io/Externalizable done
Event: 4.195 Loading class java/time/zone/Ser done
Event: 4.197 Loading class java/util/Formatter$FixedString
Event: 4.197 Loading class java/util/Formatter$FixedString done
Event: 4.213 Loading class java/util/concurrent/TimeoutException
Event: 4.213 Loading class java/util/concurrent/TimeoutException done
Event: 4.238 Loading class java/util/PropertyResourceBundle
Event: 4.238 Loading class java/util/PropertyResourceBundle done
Event: 4.239 Loading class sun/util/PropertyResourceBundleCharset
Event: 4.239 Loading class sun/util/PropertyResourceBundleCharset done
Event: 4.239 Loading class sun/util/PropertyResourceBundleCharset$PropertiesFileDecoder
Event: 4.239 Loading class sun/util/PropertyResourceBundleCharset$PropertiesFileDecoder done
Event: 4.240 Loading class java/lang/invoke/DirectMethodHandle$StaticAccessor
Event: 4.240 Loading class java/lang/invoke/DirectMethodHandle$StaticAccessor done
Event: 4.262 Loading class java/lang/AbstractMethodError
Event: 4.262 Loading class java/lang/AbstractMethodError done

Classes unloaded (0 events):
No events

Classes redefined (0 events):
No events

Internal exceptions (20 events):
Event: 1.165 Thread 0x00000225d00f3a80 Exception <a 'java/lang/NoSuchMethodError'{0x00000000d56e4820}: 'void java.lang.invoke.DirectMethodHandle$Holder.invokeStatic(java.lang.Object, java.lang.Object, java.lang.Object, java.lang.Object)'> (0x00000000d56e4820) 
thrown [s\src\hotspot\share\interpreter\linkResolver.cpp, line 773]
Event: 1.166 Thread 0x00000225d00f3a80 Implicit null exception at 0x00000225dae1d73c to 0x00000225dae1d9c8
Event: 1.166 Thread 0x00000225d00f3a80 Implicit null exception at 0x00000225dae1a4bd to 0x00000225dae1a541
Event: 1.269 Thread 0x00000225d00f3a80 Exception <a 'java/lang/NoSuchMethodError'{0x00000000d59a7140}: 'void java.lang.invoke.DirectMethodHandle$Holder.invokeSpecial(java.lang.Object, java.lang.Object, java.lang.Object)'> (0x00000000d59a7140) 
thrown [s\src\hotspot\share\interpreter\linkResolver.cpp, line 773]
Event: 1.532 Thread 0x00000225d00f3a80 Exception <a 'java/lang/NoSuchMethodError'{0x00000000d62b6b90}: 'int java.lang.invoke.DirectMethodHandle$Holder.invokeVirtual(java.lang.Object, java.lang.Object)'> (0x00000000d62b6b90) 
thrown [s\src\hotspot\share\interpreter\linkResolver.cpp, line 773]
Event: 1.594 Thread 0x00000225d00f3a80 Exception <a 'java/lang/NoSuchMethodError'{0x00000000d642a6e8}: 'int java.lang.invoke.DirectMethodHandle$Holder.invokeStaticInit(java.lang.Object, java.lang.Object, java.lang.Object, java.lang.Object)'> (0x00000000d642a6e8) 
thrown [s\src\hotspot\share\interpreter\linkResolver.cpp, line 773]
Event: 1.596 Thread 0x00000225d00f3a80 Exception <a 'java/lang/IncompatibleClassChangeError'{0x00000000d6432ef0}: Found class java.lang.Object, but interface was expected> (0x00000000d6432ef0) 
thrown [s\src\hotspot\share\interpreter\linkResolver.cpp, line 840]
Event: 1.596 Thread 0x00000225d00f3a80 Exception <a 'java/lang/NoSuchMethodError'{0x00000000d64394a0}: 'void java.lang.invoke.DirectMethodHandle$Holder.invokeStaticInit(java.lang.Object, java.lang.Object)'> (0x00000000d64394a0) 
thrown [s\src\hotspot\share\interpreter\linkResolver.cpp, line 773]
Event: 1.598 Thread 0x00000225d00f3a80 Exception <a 'java/lang/NoSuchMethodError'{0x00000000d64426d8}: 'int java.lang.invoke.DirectMethodHandle$Holder.invokeStaticInit(java.lang.Object, java.lang.Object)'> (0x00000000d64426d8) 
thrown [s\src\hotspot\share\interpreter\linkResolver.cpp, line 773]
Event: 1.653 Thread 0x00000225d00f3a80 Exception <a 'java/lang/NoSuchMethodError'{0x00000000d6688f40}: 'java.lang.Object java.lang.invoke.DirectMethodHandle$Holder.newInvokeSpecial(java.lang.Object, int, java.lang.Object)'> (0x00000000d6688f40) 
thrown [s\src\hotspot\share\interpreter\linkResolver.cpp, line 773]
Event: 1.690 Thread 0x00000225d00f3a80 Exception <a 'java/lang/ClassNotFoundException'{0x00000000d68a0238}: sun/net/www/protocol/plurl/Handler> (0x00000000d68a0238) 
thrown [s\src\hotspot\share\classfile\systemDictionary.cpp, line 312]
Event: 1.690 Thread 0x00000225d00f3a80 Exception <a 'java/lang/ClassNotFoundException'{0x00000000d68a10b8}: sun/net/www/protocol/plurl/Handler> (0x00000000d68a10b8) 
thrown [s\src\hotspot\share\classfile\systemDictionary.cpp, line 312]
Event: 2.831 Thread 0x00000225d00f3a80 Exception <a 'java/lang/UnsatisfiedLinkError'{0x00000000d6cec0f0}: 'void org.eclipse.equinox.launcher.JNIBridge._update_splash()'> (0x00000000d6cec0f0) 
thrown [s\src\hotspot\share\prims\nativeLookup.cpp, line 415]
Event: 2.899 Thread 0x00000225e8101290 Exception <a 'java/lang/NullPointerException'{0x00000000d5776568}> (0x00000000d5776568) 
thrown [s\src\hotspot\share\interpreter\linkResolver.cpp, line 1372]
Event: 2.899 Thread 0x00000225e8101290 Exception <a 'java/lang/NullPointerException'{0x00000000d5776848}> (0x00000000d5776848) 
thrown [s\src\hotspot\share\interpreter\linkResolver.cpp, line 1372]
Event: 3.033 Thread 0x00000225e8101290 Exception <a 'java/lang/NoSuchMethodError'{0x00000000d60e7070}: 'long java.lang.invoke.DirectMethodHandle$Holder.invokeSpecial(java.lang.Object, java.lang.Object)'> (0x00000000d60e7070) 
thrown [s\src\hotspot\share\interpreter\linkResolver.cpp, line 773]
Event: 3.076 Thread 0x00000225e8101290 Exception <a 'java/io/FileNotFoundException'{0x00000000d62db118}> (0x00000000d62db118) 
thrown [s\src\hotspot\share\prims\jni.cpp, line 520]
Event: 4.163 Thread 0x00000225e8101290 Exception <a 'java/lang/NoSuchMethodError'{0x00000000d65c4c10}: 'java.lang.Object java.lang.invoke.Invokers$Holder.linkToTargetMethod(java.lang.Object, long, java.lang.Object)'> (0x00000000d65c4c10) 
thrown [s\src\hotspot\share\interpreter\linkResolver.cpp, line 773]
Event: 4.214 Thread 0x00000225e8101290 Exception <a 'java/lang/NoSuchMethodError'{0x00000000d6958ec0}: 'void java.lang.invoke.DirectMethodHandle$Holder.invokeInterface(java.lang.Object, java.lang.Object, java.lang.Object)'> (0x00000000d6958ec0) 
thrown [s\src\hotspot\share\interpreter\linkResolver.cpp, line 773]
Event: 4.241 Thread 0x00000225e8101290 Exception <a 'java/lang/NoSuchMethodError'{0x00000000d6b6a968}: 'void java.lang.invoke.Invokers$Holder.invokeExact_MT(java.lang.Object, java.lang.Object, java.lang.Object)'> (0x00000000d6b6a968) 
thrown [s\src\hotspot\share\interpreter\linkResolver.cpp, line 773]

ZGC Phase Switch (0 events):
No events

VM Operations (20 events):
Event: 1.625 Executing VM operation: HandshakeAllThreads (Deoptimize) done
Event: 1.636 Executing VM operation: HandshakeAllThreads (Deoptimize)
Event: 1.636 Executing VM operation: HandshakeAllThreads (Deoptimize) done
Event: 1.678 Executing VM operation: HandshakeAllThreads (Deoptimize)
Event: 1.678 Executing VM operation: HandshakeAllThreads (Deoptimize) done
Event: 1.686 Executing VM operation: HandshakeAllThreads (Deoptimize)
Event: 1.686 Executing VM operation: HandshakeAllThreads (Deoptimize) done
Event: 2.700 Executing VM operation: Cleanup
Event: 2.778 Executing VM operation: Cleanup done
Event: 2.857 Executing VM operation: ParallelGCFailedAllocation (Allocation Failure)
Event: 2.863 Executing VM operation: ParallelGCFailedAllocation (Allocation Failure) done
Event: 2.978 Executing VM operation: HandshakeAllThreads (Deoptimize)
Event: 2.978 Executing VM operation: HandshakeAllThreads (Deoptimize) done
Event: 3.982 Executing VM operation: Cleanup
Event: 3.982 Executing VM operation: Cleanup done
Event: 4.192 Executing VM operation: HandshakeAllThreads (Deoptimize)
Event: 4.192 Executing VM operation: HandshakeAllThreads (Deoptimize) done
Event: 5.207 Executing VM operation: Cleanup
Event: 5.285 Executing VM operation: Cleanup done
Event: 8.315 Executing VM operation: Cleanup

Memory protections (0 events):
No events

Nmethod flushes (0 events):
No events

Events (19 events):
Event: 0.057 Thread 0x00000225d00f3a80 Thread added: 0x00000225d00f3a80
Event: 0.094 Thread 0x00000225d00f3a80 Thread added: 0x00000225d01933d0
Event: 0.094 Thread 0x00000225d00f3a80 Thread added: 0x00000225e6b9da30
Event: 0.095 Thread 0x00000225d00f3a80 Thread added: 0x00000225d0196950
Event: 0.095 Thread 0x00000225d00f3a80 Thread added: 0x00000225d019a640
Event: 0.095 Thread 0x00000225d00f3a80 Thread added: 0x00000225d019d0a0
Event: 0.095 Thread 0x00000225d00f3a80 Thread added: 0x00000225d01a7b20
Event: 0.095 Thread 0x00000225d00f3a80 Thread added: 0x00000225d01a90f0
Event: 0.096 Thread 0x00000225d00f3a80 Thread added: 0x00000225d01aa7c0
Event: 0.156 Thread 0x00000225d01aa7c0 Thread added: 0x00000225e80ac360
Event: 0.178 Thread 0x00000225d00f3a80 Thread added: 0x00000225e80ffee0
Event: 0.470 Thread 0x00000225d00f3a80 Thread added: 0x00000225e8101920
Event: 0.738 Thread 0x00000225d01aa7c0 Thread added: 0x00000225ed19a720
Event: 1.611 Thread 0x00000225d00f3a80 Thread added: 0x00000225e8100570
Event: 2.825 Thread 0x00000225d00f3a80 Thread added: 0x00000225e8100c00
Event: 2.830 Thread 0x00000225d00f3a80 Thread added: 0x00000225e8101290
Event: 2.967 Thread 0x00000225e8101290 Thread added: 0x00000225e8102cd0
Event: 4.219 Thread 0x00000225e8101290 Thread added: 0x00000225e8101fb0
Event: 4.222 Thread 0x00000225ed19a720 Thread exited: 0x00000225ed19a720


Dynamic libraries:
0x00007ff787650000 - 0x00007ff78765e000 	c:\Users\devan\.vscode\extensions\redhat.java-1.52.0-win32-x64\jre\21.0.9-win32-x86_64\bin\java.exe
0x00007ffa146e0000 - 0x00007ffa14947000 	C:\WINDOWS\SYSTEM32\ntdll.dll
0x00007ffa13ac0000 - 0x00007ffa13b89000 	C:\WINDOWS\System32\KERNEL32.DLL
0x00007ffa11f30000 - 0x00007ffa1231f000 	C:\WINDOWS\System32\KERNELBASE.dll
0x00007ffa11a60000 - 0x00007ffa11bab000 	C:\WINDOWS\System32\ucrtbase.dll
0x00007ffa03630000 - 0x00007ffa03648000 	c:\Users\devan\.vscode\extensions\redhat.java-1.52.0-win32-x64\jre\21.0.9-win32-x86_64\bin\jli.dll
0x00007ffa070f0000 - 0x00007ffa0710e000 	c:\Users\devan\.vscode\extensions\redhat.java-1.52.0-win32-x64\jre\21.0.9-win32-x86_64\bin\VCRUNTIME140.dll
0x00007ffa14080000 - 0x00007ffa14245000 	C:\WINDOWS\System32\USER32.dll
0x00007ff9f2630000 - 0x00007ff9f28c3000 	C:\WINDOWS\WinSxS\amd64_microsoft.windows.common-controls_6595b64144ccf1df_6.0.26100.7309_none_3e05feeae336a044\COMCTL32.dll
0x00007ffa11bb0000 - 0x00007ffa11bd7000 	C:\WINDOWS\System32\win32u.dll
0x00007ffa14470000 - 0x00007ffa14519000 	C:\WINDOWS\System32\msvcrt.dll
0x00007ffa14540000 - 0x00007ffa1456b000 	C:\WINDOWS\System32\GDI32.dll
0x00007ffa11c90000 - 0x00007ffa11dbc000 	C:\WINDOWS\System32\gdi32full.dll
0x00007ffa11be0000 - 0x00007ffa11c83000 	C:\WINDOWS\System32\msvcp_win.dll
0x00007ffa13740000 - 0x00007ffa13771000 	C:\WINDOWS\System32\IMM32.DLL
0x00007ffa0c6e0000 - 0x00007ffa0c6ec000 	c:\Users\devan\.vscode\extensions\redhat.java-1.52.0-win32-x64\jre\21.0.9-win32-x86_64\bin\vcruntime140_1.dll
0x00007ff9d5d90000 - 0x00007ff9d5e1d000 	c:\Users\devan\.vscode\extensions\redhat.java-1.52.0-win32-x64\jre\21.0.9-win32-x86_64\bin\msvcp140.dll
0x00007ff8f98e0000 - 0x00007ff8fa680000 	c:\Users\devan\.vscode\extensions\redhat.java-1.52.0-win32-x64\jre\21.0.9-win32-x86_64\bin\server\jvm.dll
0x00007ffa13c20000 - 0x00007ffa13cd4000 	C:\WINDOWS\System32\ADVAPI32.dll
0x00007ffa145f0000 - 0x00007ffa14696000 	C:\WINDOWS\System32\sechost.dll
0x00007ffa128a0000 - 0x00007ffa129b8000 	C:\WINDOWS\System32\RPCRT4.dll
0x00007ffa14570000 - 0x00007ffa145e4000 	C:\WINDOWS\System32\WS2_32.dll
0x00007ffa116b0000 - 0x00007ffa1170e000 	C:\WINDOWS\SYSTEM32\POWRPROF.dll
0x00007ffa0a100000 - 0x00007ffa0a135000 	C:\WINDOWS\SYSTEM32\WINMM.dll
0x00007ffa0ce00000 - 0x00007ffa0ce0b000 	C:\WINDOWS\SYSTEM32\VERSION.dll
0x00007ffa11670000 - 0x00007ffa11684000 	C:\WINDOWS\SYSTEM32\UMPDC.dll
0x00007ffa105e0000 - 0x00007ffa105fb000 	C:\WINDOWS\SYSTEM32\kernel.appcore.dll
0x00007ffa0a9a0000 - 0x00007ffa0a9aa000 	c:\Users\devan\.vscode\extensions\redhat.java-1.52.0-win32-x64\jre\21.0.9-win32-x86_64\bin\jimage.dll
0x00007ffa0ea10000 - 0x00007ffa0ec52000 	C:\WINDOWS\SYSTEM32\DBGHELP.DLL
0x00007ffa12500000 - 0x00007ffa12886000 	C:\WINDOWS\System32\combase.dll
0x00007ffa13ce0000 - 0x00007ffa13db6000 	C:\WINDOWS\System32\OLEAUT32.dll
0x00007ff9faf80000 - 0x00007ff9fafbc000 	C:\WINDOWS\SYSTEM32\dbgcore.DLL
0x00007ffa11830000 - 0x00007ffa118d5000 	C:\WINDOWS\System32\bcryptPrimitives.dll
0x00007ff9da190000 - 0x00007ff9da19f000 	c:\Users\devan\.vscode\extensions\redhat.java-1.52.0-win32-x64\jre\21.0.9-win32-x86_64\bin\instrument.dll
0x00007ffa035f0000 - 0x00007ffa03610000 	c:\Users\devan\.vscode\extensions\redhat.java-1.52.0-win32-x64\jre\21.0.9-win32-x86_64\bin\java.dll
0x00007ffa12a00000 - 0x00007ffa13153000 	C:\WINDOWS\System32\SHELL32.dll
0x00007ffa11dc0000 - 0x00007ffa11f2a000 	C:\WINDOWS\System32\wintypes.dll
0x00007ffa0f410000 - 0x00007ffa0fc6e000 	C:\WINDOWS\SYSTEM32\windows.storage.dll
0x00007ffa139c0000 - 0x00007ffa13ab5000 	C:\WINDOWS\System32\SHCORE.dll
0x00007ffa13780000 - 0x00007ffa137e6000 	C:\WINDOWS\System32\shlwapi.dll
0x00007ffa11750000 - 0x00007ffa11779000 	C:\WINDOWS\SYSTEM32\profapi.dll
0x00007ff9f2db0000 - 0x00007ff9f2dc8000 	c:\Users\devan\.vscode\extensions\redhat.java-1.52.0-win32-x64\jre\21.0.9-win32-x86_64\bin\zip.dll
0x00007ffa07290000 - 0x00007ffa072a0000 	C:\Users\devan\.vscode\extensions\redhat.java-1.52.0-win32-x64\jre\21.0.9-win32-x86_64\bin\net.dll
0x00007ffa0a9d0000 - 0x00007ffa0aaf8000 	C:\WINDOWS\SYSTEM32\WINHTTP.dll
0x00007ffa10b50000 - 0x00007ffa10bbb000 	C:\WINDOWS\system32\mswsock.dll
0x00007ff9e79b0000 - 0x00007ff9e79c6000 	C:\Users\devan\.vscode\extensions\redhat.java-1.52.0-win32-x64\jre\21.0.9-win32-x86_64\bin\nio.dll
0x00007ff9da180000 - 0x00007ff9da190000 	c:\Users\devan\.vscode\extensions\redhat.java-1.52.0-win32-x64\jre\21.0.9-win32-x86_64\bin\verify.dll
0x00007ff9d6d30000 - 0x00007ff9d6d75000 	C:\Users\devan\AppData\Roaming\Code\User\globalStorage\redhat.java\1.52.0\config_ss_win\org.eclipse.equinox.launcher\org.eclipse.equinox.launcher.win32.win32.x86_64_1.2.1500.v20260121-1430\eclipse_11919.dll
0x00007ffa142d0000 - 0x00007ffa14467000 	C:\WINDOWS\System32\ole32.dll

JVMTI agents:
c:\Users\devan\.vscode\extensions\redhat.java-1.52.0-win32-x64\lombok\lombok-1.18.39-4050.jar path:c:\Users\devan\.vscode\extensions\redhat.java-1.52.0-win32-x64\jre\21.0.9-win32-x86_64\bin\instrument.dll, loaded, initialized, instrumentlib options:none

dbghelp: loaded successfully - version: 4.0.5 - missing functions: none
symbol engine: initialized successfully - sym options: 0x614 - pdb path: .;c:\Users\devan\.vscode\extensions\redhat.java-1.52.0-win32-x64\jre\21.0.9-win32-x86_64\bin;C:\WINDOWS\SYSTEM32;C:\WINDOWS\WinSxS\amd64_microsoft.windows.common-controls_6595b64144ccf1df_6.0.26100.7309_none_3e05feeae336a044;c:\Users\devan\.vscode\extensions\redhat.java-1.52.0-win32-x64\jre\21.0.9-win32-x86_64\bin\server;C:\Users\devan\AppData\Roaming\Code\User\globalStorage\redhat.java\1.52.0\config_ss_win\org.eclipse.equinox.launcher\org.eclipse.equinox.launcher.win32.win32.x86_64_1.2.1500.v20260121-1430

VM Arguments:
jvm_args: --add-modules=ALL-SYSTEM --add-opens=java.base/java.util=ALL-UNNAMED --add-opens=java.base/java.lang=ALL-UNNAMED --add-opens=java.base/sun.nio.fs=ALL-UNNAMED -Declipse.application=org.eclipse.jdt.ls.core.id1 -Dosgi.bundles.defaultStartLevel=4 -Declipse.product=org.eclipse.jdt.ls.core.product -Djava.import.generatesMetadataFilesAtProjectRoot=false -DDetectVMInstallationsJob.disabled=true -Dfile.encoding=utf8 -XX:+UseParallelGC -XX:GCTimeRatio=4 -XX:AdaptiveSizePolicyWeight=90 -Dsun.zip.disableMemoryMapping=true -Xmx2G -Xms100m -Xlog:disable -javaagent:c:\Users\devan\.vscode\extensions\redhat.java-1.52.0-win32-x64\lombok\lombok-1.18.39-4050.jar 
java_command: c:\Users\devan\.vscode\extensions\redhat.java-1.52.0-win32-x64\server\plugins\org.eclipse.equinox.launcher_1.7.100.v20251111-0406.jar -configuration c:\Users\devan\AppData\Roaming\Code\User\globalStorage\redhat.java\1.52.0\config_ss_win -data c:\Users\devan\AppData\Roaming\Code\User\workspaceStorage\c70202c21d715c39d20e795d2f14db8a\redhat.java\ss_ws --pipe=\\.\pipe\lsp-7c835218d7ca08b74df39f3f2fce277a-sock
java_class_path (initial): c:\Users\devan\.vscode\extensions\redhat.java-1.52.0-win32-x64\server\plugins\org.eclipse.equinox.launcher_1.7.100.v20251111-0406.jar
Launcher Type: SUN_STANDARD

[Global flags]
    uintx AdaptiveSizePolicyWeight                 = 90                                        {product} {command line}
     intx CICompilerCount                          = 4                                         {product} {ergonomic}
    uintx GCTimeRatio                              = 4                                         {product} {command line}
   size_t InitialHeapSize                          = 104857600                                 {product} {command line}
   size_t MaxHeapSize                              = 2147483648                                {product} {command line}
   size_t MaxNewSize                               = 715653120                                 {product} {ergonomic}
   size_t MinHeapDeltaBytes                        = 524288                                    {product} {ergonomic}
   size_t MinHeapSize                              = 104857600                                 {product} {command line}
   size_t NewSize                                  = 34603008                                  {product} {ergonomic}
    uintx NonNMethodCodeHeapSize                   = 5839372                                {pd product} {ergonomic}
    uintx NonProfiledCodeHeapSize                  = 122909434                              {pd product} {ergonomic}
   size_t OldSize                                  = 70254592                                  {product} {ergonomic}
    uintx ProfiledCodeHeapSize                     = 122909434                              {pd product} {ergonomic}
    uintx ReservedCodeCacheSize                    = 251658240                              {pd product} {ergonomic}
     bool SegmentedCodeCache                       = true                                      {product} {ergonomic}
   size_t SoftMaxHeapSize                          = 2147483648                             {manageable} {ergonomic}
     bool UseCompressedOops                        = true                           {product lp64_product} {ergonomic}
     bool UseLargePagesIndividualAllocation        = false                                  {pd product} {ergonomic}
     bool UseParallelGC                            = true                                      {product} {command line}

Logging:
Log output configuration:
 #0: stdout all=off uptime,level,tags foldmultilines=false
 #1: stderr all=off uptime,level,tags foldmultilines=false

Release file:
JAVA_VERSION="21.0.9" 
MODULES="java.base java.compiler java.datatransfer java.xml java.prefs java.desktop java.instrument java.logging java.management java.security.sasl java.naming java.rmi java.management.rmi java.net.http java.scripting java.security.jgss java.transaction.xa java.sql java.sql.rowset java.xml.crypto java.se java.smartcardio jdk.accessibility jdk.internal.jvmstat jdk.attach jdk.charsets jdk.internal.opt jdk.zipfs jdk.compiler jdk.crypto.ec jdk.crypto.cryptoki jdk.crypto.mscapi jdk.dynalink jdk.internal.ed jdk.editpad jdk.hotspot.agent jdk.httpserver jdk.internal.le jdk.internal.vm.ci jdk.internal.vm.compiler jdk.internal.vm.compiler.management jdk.jartool jdk.javadoc jdk.jcmd jdk.management jdk.management.agent jdk.jconsole jdk.jdeps jdk.jdwp.agent jdk.jdi jdk.jfr jdk.jshell jdk.jsobject jdk.jstatd jdk.localedata jdk.management.jfr jdk.naming.dns jdk.naming.rmi jdk.net jdk.nio.mapmode jdk.random jdk.sctp jdk.security.auth jdk.security.jgss jdk.unsupported jdk.unsupported.desktop jdk.xml.dom" 

Environment Variables:
JAVA_HOME=C:\Program Files\Eclipse Adoptium\jdk-17.0.13.11-hotspot\
PATH=C:\Python313\Scripts\;C:\Python313\;C:\Program Files (x86)\Common Files\Oracle\Java\java8path;C:\Program Files (x86)\Common Files\Oracle\Java\javapath;C:\Program Files\Eclipse Adoptium\jdk-17.0.13.11-hotspot\bin;C:\windows\system32;C:\windows;C:\windows\System32\Wbem;C:\windows\System32\WindowsPowerShell\v1.0\;C:\windows\System32\OpenSSH\;C:\Program Files (x86)\NVIDIA Corporation\PhysX\Common;C:\Program Files\NVIDIA Corporation\NVIDIA NvDLISR;C:\Users\devan\AppData\Local\Programs\Python\Python312;C:\Users\devan\AppData\Local\Programs\Python\Python312\Scripts;C:\ffmpeg-6.1.1\ffmpeg-6.1.1\fftools;C:\Program Files\HP\HP One Agent;C:\WINDOWS\system32;C:\WINDOWS;C:\WINDOWS\System32\Wbem;C:\WINDOWS\System32\WindowsPowerShell\v1.0\;C:\WINDOWS\System32\OpenSSH\;C:\Program Files\Git\cmd;C:\Program Files\usbipd-win\;C:\ProgramData\chocolatey\bin;C:\Program Files\dotnet\;C:\Users\devan\AppData\Local\nvm;C:\nvm4w\nodejs;C:\Users\devan\AppData\Local\Programs\Python\Python312\Scripts\;C:\Users\devan\AppData\Local\Programs\Python\Python312\;C:\Users\devan\AppData\Local\Microsoft\WindowsApps;C:\Users\devan\AppData\Local\Programs\Microsoft VS Code Insiders\bin;C:\Users\devan\AppData\Local\PowerToys\DSCModules\;C:\Users\devan\AppData\Local\nvm;C:\nvm4w\nodejs;D:\AndroidSDK\platform-tools;C:\Users\devan\AppData\Local\Programs\Microsoft VS Code\bin
USERNAME=devan
OS=Windows_NT
PROCESSOR_IDENTIFIER=AMD64 Family 25 Model 80 Stepping 0, AuthenticAMD
TMP=C:\Users\devan\AppData\Local\Temp
TEMP=C:\Users\devan\AppData\Local\Temp




Periodic native trim disabled

---------------  S Y S T E M  ---------------

OS:
 Windows 11 , 64 bit Build 26100 (10.0.26100.7623)
OS uptime: 1 days 11:05 hours
Hyper-V role detected

CPU: total 12 (initial active 12) (12 cores per cpu, 2 threads per core) family 25 model 80 stepping 0 microcode 0xa500014, cx8, cmov, fxsr, ht, mmx, 3dnowpref, sse, sse2, sse3, ssse3, sse4a, sse4.1, sse4.2, popcnt, lzcnt, tsc, tscinvbit, avx, avx2, aes, erms, clmul, bmi1, bmi2, adx, sha, fma, vzeroupper, clflush, clflushopt, hv, rdtscp, rdpid, fsrm, f16c, cet_ss
Processor Information for processor 0
  Max Mhz: 3301, Current Mhz: 3301, Mhz Limit: 3301
Processor Information for processor 1
  Max Mhz: 3301, Current Mhz: 3301, Mhz Limit: 3301
Processor Information for processor 2
  Max Mhz: 3301, Current Mhz: 3301, Mhz Limit: 3301
Processor Information for processor 3
  Max Mhz: 3301, Current Mhz: 3301, Mhz Limit: 3301
Processor Information for processor 4
  Max Mhz: 3301, Current Mhz: 3301, Mhz Limit: 3301
Processor Information for processor 5
  Max Mhz: 3301, Current Mhz: 3301, Mhz Limit: 3301
Processor Information for processor 6
  Max Mhz: 3301, Current Mhz: 2011, Mhz Limit: 3301
Processor Information for processor 7
  Max Mhz: 3301, Current Mhz: 2011, Mhz Limit: 3301
Processor Information for processor 8
  Max Mhz: 3301, Current Mhz: 2011, Mhz Limit: 3301
Processor Information for processor 9
  Max Mhz: 3301, Current Mhz: 2011, Mhz Limit: 3301
Processor Information for processor 10
  Max Mhz: 3301, Current Mhz: 2011, Mhz Limit: 3301
Processor Information for processor 11
  Max Mhz: 3301, Current Mhz: 2011, Mhz Limit: 3301

Memory: 4k page, system-wide physical 7518M (1281M free)
TotalPageFile size 31070M (AvailPageFile size 3M)
current process WorkingSet (physical memory assigned to process): 103M, peak: 106M
current process commit charge ("private bytes"): 254M, peak: 257M

vm_info: OpenJDK 64-Bit Server VM (21.0.9+10-LTS) for windows-amd64 JRE (21.0.9+10-LTS), built on 2025-10-21T00:00:00Z by "admin" with unknown MS VC++:1942

END.
